Performing C SOURCE FILE Test CMAKE_HAVE_LIBC_PTHREAD failed with the following output:
Change Dir: /home/bnxy/C++_OBJ/Memory_Pool_BNXY/V2/build/CMakeFiles/CMakeTmp

Run Build Command(s):/usr/bin/make -f Makefile cmTC_3063e/fast && /usr/bin/make  -f CMakeFiles/cmTC_3063e.dir/build.make CMakeFiles/cmTC_3063e.dir/build
make[1]: Entering directory '/home/bnxy/C++_OBJ/Memory_Pool_BNXY/V2/build/CMakeFiles/CMakeTmp'
Building C object CMakeFiles/cmTC_3063e.dir/src.c.o
/usr/bin/cc -DCMAKE_HAVE_LIBC_PTHREAD   -o CMakeFiles/cmTC_3063e.dir/src.c.o -c /home/bnxy/C++_OBJ/Memory_Pool_BNXY/V2/build/CMakeFiles/CMakeTmp/src.c
Linking C executable cmTC_3063e
/usr/local/bin/cmake -E cmake_link_script CMakeFiles/cmTC_3063e.dir/link.txt --verbose=1
/usr/bin/cc CMakeFiles/cmTC_3063e.dir/src.c.o -o cmTC_3063e 
/usr/bin/ld: CMakeFiles/cmTC_3063e.dir/src.c.o: in function `main':
src.c:(.text+0x46): undefined reference to `pthread_create'
/usr/bin/ld: src.c:(.text+0x52): undefined reference to `pthread_detach'
/usr/bin/ld: src.c:(.text+0x5e): undefined reference to `pthread_cancel'
/usr/bin/ld: src.c:(.text+0x6f): undefined reference to `pthread_join'
collect2: error: ld returned 1 exit status
make[1]: *** [CMakeFiles/cmTC_3063e.dir/build.make:99: cmTC_3063e] Error 1
make[1]: Leaving directory '/home/bnxy/C++_OBJ/Memory_Pool_BNXY/V2/build/CMakeFiles/CMakeTmp'
make: *** [Makefile:127: cmTC_3063e/fast] Error 2


Source file was:
#include <pthread.h>

static void* test_func(void* data)
{
  return data;
}

int main(void)
{
  pthread_t thread;
  pthread_create(&thread, NULL, test_func, NULL);
  pthread_detach(thread);
  pthread_cancel(thread);
  pthread_join(thread, NULL);
  pthread_atfork(NULL, NULL, NULL);
  pthread_exit(NULL);

  return 0;
}

Determining if the function pthread_create exists in the pthreads failed with the following output:
Change Dir: /home/bnxy/C++_OBJ/Memory_Pool_BNXY/V2/build/CMakeFiles/CMakeTmp

Run Build Command(s):/usr/bin/make -f Makefile cmTC_252f2/fast && /usr/bin/make  -f CMakeFiles/cmTC_252f2.dir/build.make CMakeFiles/cmTC_252f2.dir/build
make[1]: Entering directory '/home/bnxy/C++_OBJ/Memory_Pool_BNXY/V2/build/CMakeFiles/CMakeTmp'
Building C object CMakeFiles/cmTC_252f2.dir/CheckFunctionExists.c.o
/usr/bin/cc   -DCHECK_FUNCTION_EXISTS=pthread_create -o CMakeFiles/cmTC_252f2.dir/CheckFunctionExists.c.o -c /usr/local/share/cmake-3.24/Modules/CheckFunctionExists.c
Linking C executable cmTC_252f2
/usr/local/bin/cmake -E cmake_link_script CMakeFiles/cmTC_252f2.dir/link.txt --verbose=1
/usr/bin/cc  -DCHECK_FUNCTION_EXISTS=pthread_create CMakeFiles/cmTC_252f2.dir/CheckFunctionExists.c.o -o cmTC_252f2  -lpthreads 
/usr/bin/ld: cannot find -lpthreads
collect2: error: ld returned 1 exit status
make[1]: *** [CMakeFiles/cmTC_252f2.dir/build.make:99: cmTC_252f2] Error 1
make[1]: Leaving directory '/home/bnxy/C++_OBJ/Memory_Pool_BNXY/V2/build/CMakeFiles/CMakeTmp'
make: *** [Makefile:127: cmTC_252f2/fast] Error 2



